<?xml version="1.0" encoding="UTF-8"?>
<testsuite name="Cucumber" time="20.024" tests="1" skipped="0" failures="0" errors="0">
<testcase classname="feature to test google search functionality" name="Validate google search is working" time="19.782">
<system-out><![CDATA[
Given browser window is open................................................passed
And user is on google search page...........................................passed
When user enters a text in search box.......................................passed
And hits enter..............................................................passed
Then user is navigated to search results....................................passed
]]></system-out>
</testcase>
</testsuite>
